<?xml version="1.0" encoding="UTF-8"?>
<testsuite name="I as a user want to realize a math operation in the calculator in the computer" tests="1" skipped="0" failures="0" errors="0" timestamp="2024-03-03T23:51:23" hostname="DESKTOP-H392E30" time="7.777">
  <properties/>
  <testcase name="realize a math operation" classname="I as a user want to realize a math operation in the calculator in the computer" time="7.777"/>
  <system-out><![CDATA[]]></system-out>
  <system-err><![CDATA[mar. 03, 2024 6:51:25 P. M. io.appium.java_client.remote.AppiumCommandExecutor$1 lambda$0
INFO: Detected dialect: OSS
[Test worker] INFO net.thucydides.core.steps.ConsoleLoggingListener - 
        __    _____ _____ ____ _____   ____   _    ____  ____  _____ ____  
  _     \ \  |_   _| ____/ ___|_   _| |  _ \ / \  / ___|/ ___|| ____|  _ \ 
 (_)_____| |   | | |  _| \___ \ | |   | |_) / _ \ \___ \\___ \|  _| | | | |
  _|_____| |   | | | |___ ___) || |   |  __/ ___ \ ___) |___) | |___| |_| |
 (_)     | |   |_| |_____|____/ |_|   |_| /_/   \_\____/|____/|_____|____/ 
        /_/                                                                

TEST PASSED: realize a math operation
----------------------------------------------------------------------------
]]></system-err>
</testsuite>
